<?xml version="1.0" encoding="utf-8" standalone="no"?>
<!--This file represents the results of running a test suite-->
<test-results name="D:\FreshmanProject\Practice4\Practice4\bin\Debug\Practice4.exe" total="12" errors="0" failures="0" not-run="0" inconclusive="0" ignored="0" skipped="0" invalid="0" date="2021-08-02" time="09:21:19">
  <environment nunit-version="2.6.4.14350" clr-version="2.0.50727.9151" os-version="Microsoft Windows NT 6.2.9200.0" platform="Win32NT" cwd="D:\FreshmanProject\Practice4\Practice4\bin\Debug" machine-name="DESKTOP-UC0G17B" user="OpenCNC" user-domain="DESKTOP-UC0G17B" />
  <culture-info current-culture="zh-TW" current-uiculture="zh-TW" />
  <test-suite type="Assembly" name="D:\FreshmanProject\Practice4\Practice4\bin\Debug\Practice4.exe" executed="True" result="Success" success="True" time="0.124" asserts="0">
    <results>
      <test-suite type="Namespace" name="Practice4" executed="True" result="Success" success="True" time="0.107" asserts="0">
        <results>
          <test-suite type="TestFixture" name="StringTest" executed="True" result="Success" success="True" time="0.105" asserts="0">
            <results>
              <test-suite type="ParameterizedTest" name="Findtest" executed="True" result="Success" success="True" time="0.074" asserts="0">
                <results>
                  <test-case name="Practice4.StringTest.Findtest(&quot;\x3002&quot;)" executed="True" result="Success" success="True" time="0.036" asserts="1" />
                  <test-case name="Practice4.StringTest.Findtest(&quot;\x6253\x5B89\x6253&quot;)" executed="True" result="Success" success="True" time="0.000" asserts="1" />
                  <test-case name="Practice4.StringTest.Findtest(&quot;Johan Mieses&quot;)" executed="True" result="Success" success="True" time="0.000" asserts="1" />
                  <test-case name="Practice4.StringTest.Findtest(&quot;\x624B\x4FDD\x9001\x9996&quot;)" executed="True" result="Success" success="True" time="0.000" asserts="1" />
                  <test-case name="Practice4.StringTest.Findtest(&quot;\x4EBA\x901F\x5EA6&quot;)" executed="True" result="Success" success="True" time="0.000" asserts="1" />
                  <test-case name="Practice4.StringTest.Findtest(&quot;\x516B\x5C40\x4E0B&quot;)" executed="True" result="Success" success="True" time="0.000" asserts="1" />
                  <test-case name="Practice4.StringTest.Findtest(&quot;\x65E5\x672C\x968A&quot;)" executed="True" result="Success" success="True" time="0.000" asserts="1" />
                </results>
              </test-suite>
              <test-suite type="ParameterizedTest" name="Replacetest" executed="True" result="Success" success="True" time="0.020" asserts="0">
                <results>
                  <test-case name="Practice4.StringTest.Replacetest(&quot;Johan Mieses&quot;,&quot;Derek Jeter&quot;)" executed="True" result="Success" success="True" time="0.003" asserts="1" />
                  <test-case name="Practice4.StringTest.Replacetest(&quot;\x4E8C\x58D8\xFF0C\x5409\x7530&quot;,&quot;aasdfg&quot;)" executed="True" result="Success" success="True" time="0.000" asserts="1" />
                  <test-case name="Practice4.StringTest.Replacetest(&quot;\x89F8\x6BBA\x51FA\x5C40&quot;,&quot;\x518D\x898B home run&quot;)" executed="True" result="Success" success="True" time="0.001" asserts="1" />
                  <test-case name="Practice4.StringTest.Replacetest(&quot;\x3002&quot;,&quot;\xFF01&quot;)" executed="True" result="Success" success="True" time="0.000" asserts="1" />
                  <test-case name="Practice4.StringTest.Replacetest(&quot;\x5916\x91CE&quot;,&quot;\x5167\x91CE&quot;)" executed="True" result="Success" success="True" time="0.000" asserts="1" />
                </results>
              </test-suite>
            </results>
          </test-suite>
        </results>
      </test-suite>
    </results>
  </test-suite>
</test-results>